[2023-11-23 15:30:09] local.ERROR: Command "route:link" is not defined.

Did you mean one of these?
    route:cache
    route:clear
    route:list
    storage:link {"exception":"[object] (Symfony\\Component\\Console\\Exception\\CommandNotFoundException(code: 0): Command \"route:link\" is not defined.

Did you mean one of these?
    route:cache
    route:clear
    route:list
    storage:link at C:\\Users\\2191187\\Desktop\\Escola\\3ano1sem\\DAD\\202324\\NewDADProject\\laravel\\vendor\\symfony\\console\\Application.php:725)
[stacktrace]
#0 C:\\Users\\2191187\\Desktop\\Escola\\3ano1sem\\DAD\\202324\\NewDADProject\\laravel\\vendor\\symfony\\console\\Application.php(262): Symfony\\Component\\Console\\Application->find('route:link')
#1 C:\\Users\\2191187\\Desktop\\Escola\\3ano1sem\\DAD\\202324\\NewDADProject\\laravel\\vendor\\symfony\\console\\Application.php(174): Symfony\\Component\\Console\\Application->doRun(Object(Symfony\\Component\\Console\\Input\\ArgvInput), Object(Symfony\\Component\\Console\\Output\\ConsoleOutput))
#2 C:\\Users\\2191187\\Desktop\\Escola\\3ano1sem\\DAD\\202324\\NewDADProject\\laravel\\vendor\\laravel\\framework\\src\\Illuminate\\Foundation\\Console\\Kernel.php(201): Symfony\\Component\\Console\\Application->run(Object(Symfony\\Component\\Console\\Input\\ArgvInput), Object(Symfony\\Component\\Console\\Output\\ConsoleOutput))
#3 C:\\Users\\2191187\\Desktop\\Escola\\3ano1sem\\DAD\\202324\\NewDADProject\\laravel\\artisan(35): Illuminate\\Foundation\\Console\\Kernel->handle(Object(Symfony\\Component\\Console\\Input\\ArgvInput), Object(Symfony\\Component\\Console\\Output\\ConsoleOutput))
#4 {main}
"} 
[2023-11-23 15:32:42] local.ERROR: No application encryption key has been specified. {"exception":"[object] (Illuminate\\Encryption\\MissingAppKeyException(code: 0): No application encryption key has been specified. at C:\\Users\\2191187\\Desktop\\Escola\\3ano1sem\\DAD\\202324\\NewDADProject\\laravel\\vendor\\laravel\\framework\\src\\Illuminate\\Encryption\\EncryptionServiceProvider.php:79)
[stacktrace]
#0 C:\\Users\\2191187\\Desktop\\Escola\\3ano1sem\\DAD\\202324\\NewDADProject\\laravel\\vendor\\laravel\\framework\\src\\Illuminate\\Support\\helpers.php(307): Illuminate\\Encryption\\EncryptionServiceProvider->Illuminate\\Encryption\\{closure}('')
#1 C:\\Users\\2191187\\Desktop\\Escola\\3ano1sem\\DAD\\202324\\NewDADProject\\laravel\\vendor\\laravel\\framework\\src\\Illuminate\\Encryption\\EncryptionServiceProvider.php(77): tap('', Object(Closure))
#2 C:\\Users\\2191187\\Desktop\\Escola\\3ano1sem\\DAD\\202324\\NewDADProject\\laravel\\vendor\\laravel\\framework\\src\\Illuminate\\Encryption\\EncryptionServiceProvider.php(60): Illuminate\\Encryption\\EncryptionServiceProvider->key(Array)
#3 C:\\Users\\2191187\\Desktop\\Escola\\3ano1sem\\DAD\\202324\\NewDADProject\\laravel\\vendor\\laravel\\framework\\src\\Illuminate\\Encryption\\EncryptionServiceProvider.php(32): Illuminate\\Encryption\\EncryptionServiceProvider->parseKey(Array)
#4 C:\\Users\\2191187\\Desktop\\Escola\\3ano1sem\\DAD\\202324\\NewDADProject\\laravel\\vendor\\laravel\\framework\\src\\Illuminate\\Container\\Container.php(908): Illuminate\\Encryption\\EncryptionServiceProvider->Illuminate\\Encryption\\{closure}(Object(Illuminate\\Foundation\\Application), Array)
#5 C:\\Users\\2191187\\Desktop\\Escola\\3ano1sem\\DAD\\202324\\NewDADProject\\laravel\\vendor\\laravel\\framework\\src\\Illuminate\\Container\\Container.php(795): Illuminate\\Container\\Container->build(Object(Closure))
#6 C:\\Users\\2191187\\Desktop\\Escola\\3ano1sem\\DAD\\202324\\NewDADProject\\laravel\\vendor\\laravel\\framework\\src\\Illuminate\\Foundation\\Application.php(955): Illuminate\\Container\\Container->resolve('encrypter', Array, true)
#7 C:\\Users\\2191187\\Desktop\\Escola\\3ano1sem\\DAD\\202324\\NewDADProject\\laravel\\vendor\\laravel\\framework\\src\\Illuminate\\Container\\Container.php(731): Illuminate\\Foundation\\Application->resolve('encrypter', Array)
#8 C:\\Users\\2191187\\Desktop\\Escola\\3ano1sem\\DAD\\202324\\NewDADProject\\laravel\\vendor\\laravel\\framework\\src\\Illuminate\\Foundation\\Application.php(940): Illuminate\\Container\\Container->make('encrypter', Array)
#9 C:\\Users\\2191187\\Desktop\\Escola\\3ano1sem\\DAD\\202324\\NewDADProject\\laravel\\vendor\\laravel\\framework\\src\\Illuminate\\Container\\Container.php(1066): Illuminate\\Foundation\\Application->make('encrypter')
#10 C:\\Users\\2191187\\Desktop\\Escola\\3ano1sem\\DAD\\202324\\NewDADProject\\laravel\\vendor\\laravel\\framework\\src\\Illuminate\\Container\\Container.php(982): Illuminate\\Container\\Container->resolveClass(Object(ReflectionParameter))
#11 C:\\Users\\2191187\\Desktop\\Escola\\3ano1sem\\DAD\\202324\\NewDADProject\\laravel\\vendor\\laravel\\framework\\src\\Illuminate\\Container\\Container.php(943): Illuminate\\Container\\Container->resolveDependencies(Array)
#12 C:\\Users\\2191187\\Desktop\\Escola\\3ano1sem\\DAD\\202324\\NewDADProject\\laravel\\vendor\\laravel\\framework\\src\\Illuminate\\Container\\Container.php(795): Illuminate\\Container\\Container->build('App\\\\Http\\\\Middle...')
#13 C:\\Users\\2191187\\Desktop\\Escola\\3ano1sem\\DAD\\202324\\NewDADProject\\laravel\\vendor\\laravel\\framework\\src\\Illuminate\\Foundation\\Application.php(955): Illuminate\\Container\\Container->resolve('App\\\\Http\\\\Middle...', Array, true)
#14 C:\\Users\\2191187\\Desktop\\Escola\\3ano1sem\\DAD\\202324\\NewDADProject\\laravel\\vendor\\laravel\\framework\\src\\Illuminate\\Container\\Container.php(731): Illuminate\\Foundation\\Application->resolve('App\\\\Http\\\\Middle...', Array)
#15 C:\\Users\\2191187\\Desktop\\Escola\\3ano1sem\\DAD\\202324\\NewDADProject\\laravel\\vendor\\laravel\\framework\\src\\Illuminate\\Foundation\\Application.php(940): Illuminate\\Container\\Container->make('App\\\\Http\\\\Middle...', Array)
#16 C:\\Users\\2191187\\Desktop\\Escola\\3ano1sem\\DAD\\202324\\NewDADProject\\laravel\\vendor\\laravel\\framework\\src\\Illuminate\\Pipeline\\Pipeline.php(169): Illuminate\\Foundation\\Application->make('App\\\\Http\\\\Middle...')
#17 C:\\Users\\2191187\\Desktop\\Escola\\3ano1sem\\DAD\\202324\\NewDADProject\\laravel\\vendor\\laravel\\framework\\src\\Illuminate\\Pipeline\\Pipeline.php(116): Illuminate\\Pipeline\\Pipeline->Illuminate\\Pipeline\\{closure}(Object(Illuminate\\Http\\Request))
#18 C:\\Users\\2191187\\Desktop\\Escola\\3ano1sem\\DAD\\202324\\NewDADProject\\laravel\\vendor\\laravel\\framework\\src\\Illuminate\\Routing\\Router.php(798): Illuminate\\Pipeline\\Pipeline->then(Object(Closure))
#19 C:\\Users\\2191187\\Desktop\\Escola\\3ano1sem\\DAD\\202324\\NewDADProject\\laravel\\vendor\\laravel\\framework\\src\\Illuminate\\Routing\\Router.php(777): Illuminate\\Routing\\Router->runRouteWithinStack(Object(Illuminate\\Routing\\Route), Object(Illuminate\\Http\\Request))
#20 C:\\Users\\2191187\\Desktop\\Escola\\3ano1sem\\DAD\\202324\\NewDADProject\\laravel\\vendor\\laravel\\framework\\src\\Illuminate\\Routing\\Router.php(741): Illuminate\\Routing\\Router->runRoute(Object(Illuminate\\Http\\Request), Object(Illuminate\\Routing\\Route))
#21 C:\\Users\\2191187\\Desktop\\Escola\\3ano1sem\\DAD\\202324\\NewDADProject\\laravel\\vendor\\laravel\\framework\\src\\Illuminate\\Routing\\Router.php(730): Illuminate\\Routing\\Router->dispatchToRoute(Object(Illuminate\\Http\\Request))
#22 C:\\Users\\2191187\\Desktop\\Escola\\3ano1sem\\DAD\\202324\\NewDADProject\\laravel\\vendor\\laravel\\framework\\src\\Illuminate\\Foundation\\Http\\Kernel.php(200): Illuminate\\Routing\\Router->dispatch(Object(Illuminate\\Http\\Request))
#23 C:\\Users\\2191187\\Desktop\\Escola\\3ano1sem\\DAD\\202324\\NewDADProject\\laravel\\vendor\\laravel\\framework\\src\\Illuminate\\Pipeline\\Pipeline.php(141): Illuminate\\Foundation\\Http\\Kernel->Illuminate\\Foundation\\Http\\{closure}(Object(Illuminate\\Http\\Request))
#24 C:\\Users\\2191187\\Desktop\\Escola\\3ano1sem\\DAD\\202324\\NewDADProject\\laravel\\vendor\\laravel\\framework\\src\\Illuminate\\Foundation\\Http\\Middleware\\TransformsRequest.php(21): Illuminate\\Pipeline\\Pipeline->Illuminate\\Pipeline\\{closure}(Object(Illuminate\\Http\\Request))
#25 C:\\Users\\2191187\\Desktop\\Escola\\3ano1sem\\DAD\\202324\\NewDADProject\\laravel\\vendor\\laravel\\framework\\src\\Illuminate\\Foundation\\Http\\Middleware\\ConvertEmptyStringsToNull.php(31): Illuminate\\Foundation\\Http\\Middleware\\TransformsRequest->handle(Object(Illuminate\\Http\\Request), Object(Closure))
#26 C:\\Users\\2191187\\Desktop\\Escola\\3ano1sem\\DAD\\202324\\NewDADProject\\laravel\\vendor\\laravel\\framework\\src\\Illuminate\\Pipeline\\Pipeline.php(180): Illuminate\\Foundation\\Http\\Middleware\\ConvertEmptyStringsToNull->handle(Object(Illuminate\\Http\\Request), Object(Closure))
#27 C:\\Users\\2191187\\Desktop\\Escola\\3ano1sem\\DAD\\202324\\NewDADProject\\laravel\\vendor\\laravel\\framework\\src\\Illuminate\\Foundation\\Http\\Middleware\\TransformsRequest.php(21): Illuminate\\Pipeline\\Pipeline->Illuminate\\Pipeline\\{closure}(Object(Illuminate\\Http\\Request))
#28 C:\\Users\\2191187\\Desktop\\Escola\\3ano1sem\\DAD\\202324\\NewDADProject\\laravel\\vendor\\laravel\\framework\\src\\Illuminate\\Foundation\\Http\\Middleware\\TrimStrings.php(40): Illuminate\\Foundation\\Http\\Middleware\\TransformsRequest->handle(Object(Illuminate\\Http\\Request), Object(Closure))
#29 C:\\Users\\2191187\\Desktop\\Escola\\3ano1sem\\DAD\\202324\\NewDADProject\\laravel\\vendor\\laravel\\framework\\src\\Illuminate\\Pipeline\\Pipeline.php(180): Illuminate\\Foundation\\Http\\Middleware\\TrimStrings->handle(Object(Illuminate\\Http\\Request), Object(Closure))
#30 C:\\Users\\2191187\\Desktop\\Escola\\3ano1sem\\DAD\\202324\\NewDADProject\\laravel\\vendor\\laravel\\framework\\src\\Illuminate\\Foundation\\Http\\Middleware\\ValidatePostSize.php(27): Illuminate\\Pipeline\\Pipeline->Illuminate\\Pipeline\\{closure}(Object(Illuminate\\Http\\Request))
#31 C:\\Users\\2191187\\Desktop\\Escola\\3ano1sem\\DAD\\202324\\NewDADProject\\laravel\\vendor\\laravel\\framework\\src\\Illuminate\\Pipeline\\Pipeline.php(180): Illuminate\\Foundation\\Http\\Middleware\\ValidatePostSize->handle(Object(Illuminate\\Http\\Request), Object(Closure))
#32 C:\\Users\\2191187\\Desktop\\Escola\\3ano1sem\\DAD\\202324\\NewDADProject\\laravel\\vendor\\laravel\\framework\\src\\Illuminate\\Foundation\\Http\\Middleware\\PreventRequestsDuringMaintenance.php(99): Illuminate\\Pipeline\\Pipeline->Illuminate\\Pipeline\\{closure}(Object(Illuminate\\Http\\Request))
#33 C:\\Users\\2191187\\Desktop\\Escola\\3ano1sem\\DAD\\202324\\NewDADProject\\laravel\\vendor\\laravel\\framework\\src\\Illuminate\\Pipeline\\Pipeline.php(180): Illuminate\\Foundation\\Http\\Middleware\\PreventRequestsDuringMaintenance->handle(Object(Illuminate\\Http\\Request), Object(Closure))
#34 C:\\Users\\2191187\\Desktop\\Escola\\3ano1sem\\DAD\\202324\\NewDADProject\\laravel\\vendor\\laravel\\framework\\src\\Illuminate\\Http\\Middleware\\HandleCors.php(49): Illuminate\\Pipeline\\Pipeline->Illuminate\\Pipeline\\{closure}(Object(Illuminate\\Http\\Request))
#35 C:\\Users\\2191187\\Desktop\\Escola\\3ano1sem\\DAD\\202324\\NewDADProject\\laravel\\vendor\\laravel\\framework\\src\\Illuminate\\Pipeline\\Pipeline.php(180): Illuminate\\Http\\Middleware\\HandleCors->handle(Object(Illuminate\\Http\\Request), Object(Closure))
#36 C:\\Users\\2191187\\Desktop\\Escola\\3ano1sem\\DAD\\202324\\NewDADProject\\laravel\\vendor\\laravel\\framework\\src\\Illuminate\\Http\\Middleware\\TrustProxies.php(39): Illuminate\\Pipeline\\Pipeline->Illuminate\\Pipeline\\{closure}(Object(Illuminate\\Http\\Request))
#37 C:\\Users\\2191187\\Desktop\\Escola\\3ano1sem\\DAD\\202324\\NewDADProject\\laravel\\vendor\\laravel\\framework\\src\\Illuminate\\Pipeline\\Pipeline.php(180): Illuminate\\Http\\Middleware\\TrustProxies->handle(Object(Illuminate\\Http\\Request), Object(Closure))
#38 C:\\Users\\2191187\\Desktop\\Escola\\3ano1sem\\DAD\\202324\\NewDADProject\\laravel\\vendor\\laravel\\framework\\src\\Illuminate\\Pipeline\\Pipeline.php(116): Illuminate\\Pipeline\\Pipeline->Illuminate\\Pipeline\\{closure}(Object(Illuminate\\Http\\Request))
#39 C:\\Users\\2191187\\Desktop\\Escola\\3ano1sem\\DAD\\202324\\NewDADProject\\laravel\\vendor\\laravel\\framework\\src\\Illuminate\\Foundation\\Http\\Kernel.php(175): Illuminate\\Pipeline\\Pipeline->then(Object(Closure))
#40 C:\\Users\\2191187\\Desktop\\Escola\\3ano1sem\\DAD\\202324\\NewDADProject\\laravel\\vendor\\laravel\\framework\\src\\Illuminate\\Foundation\\Http\\Kernel.php(144): Illuminate\\Foundation\\Http\\Kernel->sendRequestThroughRouter(Object(Illuminate\\Http\\Request))
#41 C:\\Users\\2191187\\Desktop\\Escola\\3ano1sem\\DAD\\202324\\NewDADProject\\laravel\\public\\index.php(51): Illuminate\\Foundation\\Http\\Kernel->handle(Object(Illuminate\\Http\\Request))
#42 {main}
"} 
[2023-11-23 15:32:42] local.ERROR: No application encryption key has been specified. {"exception":"[object] (Illuminate\\Encryption\\MissingAppKeyException(code: 0): No application encryption key has been specified. at C:\\Users\\2191187\\Desktop\\Escola\\3ano1sem\\DAD\\202324\\NewDADProject\\laravel\\vendor\\laravel\\framework\\src\\Illuminate\\Encryption\\EncryptionServiceProvider.php:79)
[stacktrace]
#0 C:\\Users\\2191187\\Desktop\\Escola\\3ano1sem\\DAD\\202324\\NewDADProject\\laravel\\vendor\\laravel\\framework\\src\\Illuminate\\Support\\helpers.php(307): Illuminate\\Encryption\\EncryptionServiceProvider->Illuminate\\Encryption\\{closure}('')
#1 C:\\Users\\2191187\\Desktop\\Escola\\3ano1sem\\DAD\\202324\\NewDADProject\\laravel\\vendor\\laravel\\framework\\src\\Illuminate\\Encryption\\EncryptionServiceProvider.php(77): tap('', Object(Closure))
#2 C:\\Users\\2191187\\Desktop\\Escola\\3ano1sem\\DAD\\202324\\NewDADProject\\laravel\\vendor\\laravel\\framework\\src\\Illuminate\\Encryption\\EncryptionServiceProvider.php(60): Illuminate\\Encryption\\EncryptionServiceProvider->key(Array)
#3 C:\\Users\\2191187\\Desktop\\Escola\\3ano1sem\\DAD\\202324\\NewDADProject\\laravel\\vendor\\laravel\\framework\\src\\Illuminate\\Encryption\\EncryptionServiceProvider.php(32): Illuminate\\Encryption\\EncryptionServiceProvider->parseKey(Array)
#4 C:\\Users\\2191187\\Desktop\\Escola\\3ano1sem\\DAD\\202324\\NewDADProject\\laravel\\vendor\\laravel\\framework\\src\\Illuminate\\Container\\Container.php(908): Illuminate\\Encryption\\EncryptionServiceProvider->Illuminate\\Encryption\\{closure}(Object(Illuminate\\Foundation\\Application), Array)
#5 C:\\Users\\2191187\\Desktop\\Escola\\3ano1sem\\DAD\\202324\\NewDADProject\\laravel\\vendor\\laravel\\framework\\src\\Illuminate\\Container\\Container.php(795): Illuminate\\Container\\Container->build(Object(Closure))
#6 C:\\Users\\2191187\\Desktop\\Escola\\3ano1sem\\DAD\\202324\\NewDADProject\\laravel\\vendor\\laravel\\framework\\src\\Illuminate\\Foundation\\Application.php(955): Illuminate\\Container\\Container->resolve('encrypter', Array, true)
#7 C:\\Users\\2191187\\Desktop\\Escola\\3ano1sem\\DAD\\202324\\NewDADProject\\laravel\\vendor\\laravel\\framework\\src\\Illuminate\\Container\\Container.php(731): Illuminate\\Foundation\\Application->resolve('encrypter', Array)
#8 C:\\Users\\2191187\\Desktop\\Escola\\3ano1sem\\DAD\\202324\\NewDADProject\\laravel\\vendor\\laravel\\framework\\src\\Illuminate\\Foundation\\Application.php(940): Illuminate\\Container\\Container->make('encrypter', Array)
#9 C:\\Users\\2191187\\Desktop\\Escola\\3ano1sem\\DAD\\202324\\NewDADProject\\laravel\\vendor\\laravel\\framework\\src\\Illuminate\\Container\\Container.php(1066): Illuminate\\Foundation\\Application->make('encrypter')
#10 C:\\Users\\2191187\\Desktop\\Escola\\3ano1sem\\DAD\\202324\\NewDADProject\\laravel\\vendor\\laravel\\framework\\src\\Illuminate\\Container\\Container.php(982): Illuminate\\Container\\Container->resolveClass(Object(ReflectionParameter))
#11 C:\\Users\\2191187\\Desktop\\Escola\\3ano1sem\\DAD\\202324\\NewDADProject\\laravel\\vendor\\laravel\\framework\\src\\Illuminate\\Container\\Container.php(943): Illuminate\\Container\\Container->resolveDependencies(Array)
#12 C:\\Users\\2191187\\Desktop\\Escola\\3ano1sem\\DAD\\202324\\NewDADProject\\laravel\\vendor\\laravel\\framework\\src\\Illuminate\\Container\\Container.php(795): Illuminate\\Container\\Container->build('App\\\\Http\\\\Middle...')
#13 C:\\Users\\2191187\\Desktop\\Escola\\3ano1sem\\DAD\\202324\\NewDADProject\\laravel\\vendor\\laravel\\framework\\src\\Illuminate\\Foundation\\Application.php(955): Illuminate\\Container\\Container->resolve('App\\\\Http\\\\Middle...', Array, true)
#14 C:\\Users\\2191187\\Desktop\\Escola\\3ano1sem\\DAD\\202324\\NewDADProject\\laravel\\vendor\\laravel\\framework\\src\\Illuminate\\Container\\Container.php(731): Illuminate\\Foundation\\Application->resolve('App\\\\Http\\\\Middle...', Array)
#15 C:\\Users\\2191187\\Desktop\\Escola\\3ano1sem\\DAD\\202324\\NewDADProject\\laravel\\vendor\\laravel\\framework\\src\\Illuminate\\Foundation\\Application.php(940): Illuminate\\Container\\Container->make('App\\\\Http\\\\Middle...', Array)
#16 C:\\Users\\2191187\\Desktop\\Escola\\3ano1sem\\DAD\\202324\\NewDADProject\\laravel\\vendor\\laravel\\framework\\src\\Illuminate\\Foundation\\Http\\Kernel.php(255): Illuminate\\Foundation\\Application->make('App\\\\Http\\\\Middle...')
#17 C:\\Users\\2191187\\Desktop\\Escola\\3ano1sem\\DAD\\202324\\NewDADProject\\laravel\\vendor\\laravel\\framework\\src\\Illuminate\\Foundation\\Http\\Kernel.php(213): Illuminate\\Foundation\\Http\\Kernel->terminateMiddleware(Object(Illuminate\\Http\\Request), Object(Illuminate\\Http\\Response))
#18 C:\\Users\\2191187\\Desktop\\Escola\\3ano1sem\\DAD\\202324\\NewDADProject\\laravel\\public\\index.php(55): Illuminate\\Foundation\\Http\\Kernel->terminate(Object(Illuminate\\Http\\Request), Object(Illuminate\\Http\\Response))
#19 {main}
"} 
